


ARM Macro Assembler    Page 1 


    1 00000000         ;/******************************************************
                       ************************
    2 00000000         ; * @Filename     : startup_SKY32B750.s
    3 00000000         ; * @Version      : V1.0
    4 00000000         ; * @Subversion   : $
    5 00000000         ; * @Last modified: 05/10/2022 9:30:29
    6 00000000         ; * @Modified by  : CB
    7 00000000         ; * @Brief        : CMSIS ARM Cortex-M7 Core Device Star
                       tup File
    8 00000000         ; *
    9 00000000         ; * Copyright (C) 2022 SKYRELAY Technology co.,Ltd All r
                       ights reserved.
   10 00000000         ;*******************************************************
                       **********************/
   11 00000000         
   12 00000000         
   13 00000000         ; <h> Stack Configuration
   14 00000000         ;   <o> Stack Size (in Bytes) <0x0-0xFFFFFFFF:8>
   15 00000000         ; </h>
   16 00000000                 IF               :LNOT: :DEF: Stack_Size
   18                          ENDIF
   19 00000000                 AREA             STACK, NOINIT, READWRITE, ALIGN
=3
   20 00000000         Stack_Mem
                               SPACE            Stack_Size
   21 00000800         __initial_sp
   22 00000800         
   23 00000800         
   24 00000800         ; <h> Heap Configuration
   25 00000800         ;   <o>  Heap Size (in Bytes) <0x0-0xFFFFFFFF:8>
   26 00000800         ; </h>
   27 00000800                 IF               :LNOT: :DEF: Heap_Size
   29                          ENDIF
   30 00000800                 AREA             HEAP, NOINIT, READWRITE, ALIGN=
3
   31 00000000         __heap_base
   32 00000000         Heap_Mem
                               SPACE            Heap_Size
   33 00000200         __heap_limit
   34 00000200         
   35 00000200         
   36 00000200                 PRESERVE8
   37 00000200                 THUMB
   38 00000200         
   39 00000200         
   40 00000200         
   41 00000200         ; Vector Table Mapped to Address 0 at Reset
   42 00000200         
   43 00000200                 AREA             RESET, DATA, READONLY
   44 00000000                 EXPORT           __Vectors
   45 00000000         
   46 00000000 00000000 
                       __Vectors
                               DCD              __initial_sp ; Top of Stack
   47 00000004 00000000        DCD              Reset_Handler ; Reset Handler
   48 00000008 00000000        DCD              NMI_Handler ; NMI Handler
   49 0000000C 00000000        DCD              HardFault_Handler ; Hard Fault 
                                                            Handler
   50 00000010 00000000        DCD              MemManage_Handler 



ARM Macro Assembler    Page 2 


                                                            ; MPU Fault Handler
                                                            
   51 00000014 00000000        DCD              BusFault_Handler 
                                                            ; Bus Fault Handler
                                                            
   52 00000018 00000000        DCD              UsageFault_Handler ; Usage Faul
                                                            t Handler
   53 0000001C 00000000        DCD              0           ; Reserved
   54 00000020 00000000        DCD              0           ; Reserved
   55 00000024 00000000        DCD              0           ; Reserved
   56 00000028 00000000        DCD              0           ; Reserved
   57 0000002C 00000000        DCD              SVC_Handler ; SVCall Handler
   58 00000030 00000000        DCD              DebugMon_Handler ; Debug Monito
                                                            r Handler
   59 00000034 00000000        DCD              0           ; Reserved
   60 00000038 00000000        DCD              PendSV_Handler ; PendSV Handler
                                                            
   61 0000003C 00000000        DCD              SysTick_Handler 
                                                            ; SysTick Handler
   62 00000040         
   63 00000040         ; External Interrupts
   64 00000040 00000000        DCD              RES_IRQHandler ; res
   65 00000044 00000000        DCD              WDT_IRQHandler ; Watch Dog Time
                                                            r interrupt
   66 00000048 00000000        DCD              RTC_IRQHandler ; RTC interrupt
   67 0000004C 00000000        DCD              USCI0_IRQHandler 
                                                            ; USCI0 interrupt
   68 00000050 00000000        DCD              USCI1_IRQHandler 
                                                            ; USCI1 interrupt
   69 00000054 00000000        DCD              USCI2_IRQHandler 
                                                            ; USCI2 interrupt
   70 00000058 00000000        DCD              USCI3_IRQHandler 
                                                            ; USCI3 interrupt
   71 0000005C 00000000        DCD              USCI4_IRQHandler 
                                                            ; USCI4 interrupt
   72 00000060 00000000        DCD              USCI5_IRQHandler 
                                                            ; USCI5 interrupt
   73 00000064 00000000        DCD              USCI6_IRQHandler 
                                                            ; USCI6 interrupt
   74 00000068 00000000        DCD              USCI7_IRQHandler 
                                                            ; USCI7 interrupt
   75 0000006C 00000000        DCD              QSPI0_IRQHandler ;    QSPI0 int
                                                            errupt
   76 00000070 00000000        DCD              QSPI1_IRQHandler ;    QSPI1 int
                                                            errupt
   77 00000074 00000000        DCD              TMRA_IRQHandler 
                                                            ; Timer A interrupt
                                                            
   78 00000078 00000000        DCD              TMRB0_IRQHandler ; Timer B0 int
                                                            errupt
   79 0000007C 00000000        DCD              TMRB1_IRQHandler ; Timer B1 int
                                                            errupt
   80 00000080 00000000        DCD              TMRB2_IRQHandler ; Timer B2 int
                                                            errupt
   81 00000084 00000000        DCD              TMRB3_IRQHandler ; Timer B3 int
                                                            errupt
   82 00000088 00000000        DCD              WWDG_IRQHandler ;
   83 0000008C 00000000        DCD              DMA_IRQHandler ;
   84 00000090 00000000        DCD              BB_IRQHandler ; BB interrupt



ARM Macro Assembler    Page 3 


   85 00000094 00000000        DCD              I2C_IRQHandler ; I2C interrupt
   86 00000098 00000000        DCD              GPIO0_IRQHandler ;    GPIO0  in
                                                            terrupt
   87 0000009C 00000000        DCD              GPIO0_E0_IRQHandler ;
   88 000000A0 00000000        DCD              GPIO0_E1_IRQHandler ;
   89 000000A4 00000000        DCD              GPIO1_IRQHandler ;    GPIO1  in
                                                            terrupt
   90 000000A8 00000000        DCD              GPIO1_E0_IRQHandler ;
   91 000000AC 00000000        DCD              GPIO1_E1_IRQHandler ;
   92 000000B0 00000000        DCD              GPIO2_IRQHandler ;    GPIO2  in
                                                            terrupt
   93 000000B4 00000000        DCD              GPIO2_E0_IRQHandler ;
   94 000000B8 00000000        DCD              GPIO2_E1_IRQHandler ;
   95 000000BC 00000000        DCD              GPIO3_IRQHandler ;    GPIO3  in
                                                            terrupt
   96 000000C0 00000000        DCD              GPIO3_E0_IRQHandler ;
   97 000000C4 00000000        DCD              GPIO3_E1_IRQHandler ;
   98 000000C8 00000000        DCD              CAN0_IRQHandler ;
   99 000000CC 00000000        DCD              CAN1_IRQHandler ;
  100 000000D0 00000000        DCD              BOD_IRQHandler ; Brownout low v
                                                            oltage detected int
                                                            errupt
  101 000000D4 00000000        DCD              SAR_IRQHandler ;
  102 000000D8 00000000        DCD              OSPI0_IRQHandler ;
  103 000000DC 00000000        DCD              OSPI1_IRQHandler ;
  104 000000E0         
  105 000000E0                 AREA             |.text|, CODE, READONLY
  106 00000000         
  107 00000000         
  108 00000000         ; Reset Handler
  109 00000000         Reset_Handler
                               PROC
  110 00000000                 EXPORT           Reset_Handler             [WEAK
]
  111 00000000                 IMPORT           SystemInit
  112 00000000                 IMPORT           __main
  113 00000000 4806            LDR              R0, =SystemInit
  114 00000002 4780            BLX              R0
  115 00000004 4806            LDR              R0, =__main
  116 00000006 4700            BX               R0
  117 00000008                 ENDP
  118 00000008         
  119 00000008         ;Reset_Handler   PROC
  120 00000008         ;                EXPORT  Reset_Handler             [WEAK
                       ]
  121 00000008         ;                IMPORT  __main
  122 00000008         ;                LDR     R0, =__main
  123 00000008         ;                BX      R0
  124 00000008         ;                ENDP
  125 00000008         
  126 00000008         
  127 00000008         ; Dummy Exception Handlers (infinite loops which can be 
                       modified)
  128 00000008         
  129 00000008         NMI_Handler
                               PROC
  130 00000008                 EXPORT           NMI_Handler               [WEAK
]
  131 00000008 E7FE            B                .



ARM Macro Assembler    Page 4 


  132 0000000A                 ENDP
  134 0000000A         HardFault_Handler
                               PROC
  135 0000000A                 EXPORT           HardFault_Handler         [WEAK
]
  136 0000000A E7FE            B                .
  137 0000000C                 ENDP
  139 0000000C         MemManage_Handler
                               PROC
  140 0000000C                 EXPORT           MemManage_Handler         [WEAK
]
  141 0000000C E7FE            B                .
  142 0000000E                 ENDP
  144 0000000E         BusFault_Handler
                               PROC
  145 0000000E                 EXPORT           BusFault_Handler          [WEAK
]
  146 0000000E E7FE            B                .
  147 00000010                 ENDP
  149 00000010         UsageFault_Handler
                               PROC
  150 00000010                 EXPORT           UsageFault_Handler        [WEAK
]
  151 00000010 E7FE            B                .
  152 00000012                 ENDP
  153 00000012         SVC_Handler
                               PROC
  154 00000012                 EXPORT           SVC_Handler               [WEAK
]
  155 00000012 E7FE            B                .
  156 00000014                 ENDP
  158 00000014         DebugMon_Handler
                               PROC
  159 00000014                 EXPORT           DebugMon_Handler          [WEAK
]
  160 00000014 E7FE            B                .
  161 00000016                 ENDP
  162 00000016         PendSV_Handler
                               PROC
  163 00000016                 EXPORT           PendSV_Handler            [WEAK
]
  164 00000016 E7FE            B                .
  165 00000018                 ENDP
  166 00000018         SysTick_Handler
                               PROC
  167 00000018                 EXPORT           SysTick_Handler           [WEAK
]
  168 00000018 E7FE            B                .
  169 0000001A                 ENDP
  170 0000001A         
  171 0000001A         Default_Handler
                               PROC
  172 0000001A                 EXPORT           RES_IRQHandler           [WEAK]
  173 0000001A                 EXPORT           WDT_IRQHandler           [WEAK]
  174 0000001A                 EXPORT           RTC_IRQHandler           [WEAK]
  175 0000001A                 EXPORT           USCI0_IRQHandler         [WEAK]
  176 0000001A                 EXPORT           USCI1_IRQHandler         [WEAK]
  177 0000001A                 EXPORT           USCI2_IRQHandler         [WEAK]
  178 0000001A                 EXPORT           USCI3_IRQHandler         [WEAK]



ARM Macro Assembler    Page 5 


  179 0000001A                 EXPORT           USCI4_IRQHandler         [WEAK]
  180 0000001A                 EXPORT           USCI5_IRQHandler         [WEAK]
  181 0000001A                 EXPORT           USCI6_IRQHandler         [WEAK]
  182 0000001A                 EXPORT           USCI7_IRQHandler         [WEAK]
  183 0000001A                 EXPORT           QSPI0_IRQHandler         [WEAK]
  184 0000001A                 EXPORT           QSPI1_IRQHandler         [WEAK]
  185 0000001A                 EXPORT           TMRA_IRQHandler          [WEAK]
  186 0000001A                 EXPORT           TMRB0_IRQHandler         [WEAK]
  187 0000001A                 EXPORT           TMRB1_IRQHandler         [WEAK]
  188 0000001A                 EXPORT           TMRB2_IRQHandler         [WEAK]
  189 0000001A                 EXPORT           TMRB3_IRQHandler         [WEAK]
  190 0000001A                 EXPORT           WWDG_IRQHandler          [WEAK]
  191 0000001A                 EXPORT           DMA_IRQHandler           [WEAK]
  192 0000001A                 EXPORT           BB_IRQHandler            [WEAK]
  193 0000001A                 EXPORT           I2C_IRQHandler           [WEAK]
  194 0000001A                 EXPORT           GPIO0_IRQHandler         [WEAK]
  195 0000001A                 EXPORT           GPIO0_E0_IRQHandler      [WEAK]
  196 0000001A                 EXPORT           GPIO0_E1_IRQHandler      [WEAK]
  197 0000001A                 EXPORT           GPIO1_IRQHandler         [WEAK]
  198 0000001A                 EXPORT           GPIO1_E0_IRQHandler      [WEAK]
  199 0000001A                 EXPORT           GPIO1_E1_IRQHandler      [WEAK]
  200 0000001A                 EXPORT           GPIO2_IRQHandler         [WEAK]
  201 0000001A                 EXPORT           GPIO2_E0_IRQHandler      [WEAK]
  202 0000001A                 EXPORT           GPIO2_E1_IRQHandler      [WEAK]
  203 0000001A                 EXPORT           GPIO3_IRQHandler         [WEAK]
  204 0000001A                 EXPORT           GPIO3_E0_IRQHandler      [WEAK]
  205 0000001A                 EXPORT           GPIO3_E1_IRQHandler      [WEAK]
  206 0000001A                 EXPORT           CAN0_IRQHandler          [WEAK]
  207 0000001A                 EXPORT           CAN1_IRQHandler          [WEAK]
  208 0000001A                 EXPORT           BOD_IRQHandler           [WEAK]
  209 0000001A                 EXPORT           SAR_IRQHandler           [WEAK]
  210 0000001A                 EXPORT           OSPI0_IRQHandler         [WEAK]
  211 0000001A                 EXPORT           OSPI1_IRQHandler         [WEAK]
  212 0000001A         
  213 0000001A         
  214 0000001A         RES_IRQHandler
  215 0000001A         WDT_IRQHandler
  216 0000001A         RTC_IRQHandler
  217 0000001A         USCI0_IRQHandler
  218 0000001A         USCI1_IRQHandler
  219 0000001A         USCI2_IRQHandler
  220 0000001A         USCI3_IRQHandler
  221 0000001A         USCI4_IRQHandler
  222 0000001A         USCI5_IRQHandler
  223 0000001A         USCI6_IRQHandler
  224 0000001A         USCI7_IRQHandler
  225 0000001A         QSPI0_IRQHandler
  226 0000001A         QSPI1_IRQHandler
  227 0000001A         TMRA_IRQHandler
  228 0000001A         TMRB0_IRQHandler
  229 0000001A         TMRB1_IRQHandler
  230 0000001A         TMRB2_IRQHandler
  231 0000001A         TMRB3_IRQHandler
  232 0000001A         WWDG_IRQHandler
  233 0000001A         DMA_IRQHandler
  234 0000001A         BB_IRQHandler
  235 0000001A         I2C_IRQHandler
  236 0000001A         GPIO0_IRQHandler
  237 0000001A         GPIO0_E0_IRQHandler



ARM Macro Assembler    Page 6 


  238 0000001A         GPIO0_E1_IRQHandler
  239 0000001A         GPIO1_IRQHandler
  240 0000001A         GPIO1_E0_IRQHandler
  241 0000001A         GPIO1_E1_IRQHandler
  242 0000001A         GPIO2_IRQHandler
  243 0000001A         GPIO2_E0_IRQHandler
  244 0000001A         GPIO2_E1_IRQHandler
  245 0000001A         GPIO3_IRQHandler
  246 0000001A         GPIO3_E0_IRQHandler
  247 0000001A         GPIO3_E1_IRQHandler
  248 0000001A         CAN0_IRQHandler
  249 0000001A         CAN1_IRQHandler
  250 0000001A         BOD_IRQHandler
  251 0000001A         SAR_IRQHandler
  252 0000001A         OSPI0_IRQHandler
  253 0000001A         OSPI1_IRQHandler
  254 0000001A         
  255 0000001A E7FE            B                .
  256 0000001C         
  257 0000001C                 ENDP
  258 0000001C         
  259 0000001C         
  260 0000001C                 ALIGN
  261 0000001C         
  262 0000001C         
  263 0000001C         ; User Initial Stack & Heap
  264 0000001C         
  265 0000001C                 IF               :DEF:__MICROLIB
  266 0000001C         
  267 0000001C                 EXPORT           __initial_sp
  268 0000001C                 EXPORT           __heap_base
  269 0000001C                 EXPORT           __heap_limit
  270 0000001C         
  271 0000001C                 ELSE
  285                          ENDIF
  286 0000001C         
  287 0000001C         
  288 0000001C                 END
              00000000 
              00000000 
Command Line: --debug --diag_suppress=9931 --cpu=Cortex-M7 --fpu=SoftVFP --apcs
=interwork --depend=.\objects\startup_sky32b750.d -o.\objects\startup_sky32b750
.o -ID:\Keil\Packs\ARM\CMSIS\5.8.0\Device\ARM\ARMCM7\Include --predefine="__MIC
ROLIB SETA 1" --predefine="__UVISION_VERSION SETA 536" --predefine="ARMCM7_DP S
ETA 1" --list=.\listings\startup_sky32b750.lst ..\..\0_Library\Device\SkyRelay\
SKY32B750\Source\ARM\startup_SKY32B750.s
